SF:lib/data/http/http_error.dart
DA:1,2
LF:1
LH:1
end_of_record
SF:lib/infra/http/http_adapter.dart
DA:9,1
DA:12,1
DA:14,1
DA:18,1
DA:19,1
DA:21,1
DA:23,4
DA:28,1
DA:31,1
DA:32,2
DA:33,4
DA:34,2
DA:36,2
DA:38,2
DA:40,2
DA:42,2
LF:16
LH:16
end_of_record
SF:lib/data/models/remote_account_model.dart
DA:7,1
DA:9,1
DA:10,1
DA:11,2
DA:14,3
LF:5
LH:5
end_of_record
SF:lib/domain/entities/account_entity.dart
DA:3,1
LF:1
LH:1
end_of_record
SF:lib/data/usecases/remote_authentication.dart
DA:13,1
DA:16,1
DA:17,2
DA:19,4
DA:20,2
DA:21,1
DA:22,1
DA:33,1
DA:35,1
DA:36,3
DA:38,4
LF:11
LH:11
end_of_record
SF:lib/domain/usecases/authentication.dart
DA:11,1
LF:1
LH:1
end_of_record
SF:lib/domain/helpers/domain_error.dart
DA:1,1
LF:1
LH:1
end_of_record
SF:lib/ui/components/app.dart
DA:7,0
DA:8,0
DA:10,0
DA:11,0
DA:14,0
DA:48,0
LF:6
LH:0
end_of_record
SF:lib/ui/components/headline_1.dart
DA:6,1
DA:9,0
DA:11,1
DA:13,1
DA:14,2
DA:16,3
LF:6
LH:5
end_of_record
SF:lib/ui/components/login_header.dart
DA:5,1
DA:7,0
DA:9,1
DA:11,1
DA:14,1
DA:15,1
DA:18,1
DA:19,2
DA:20,2
LF:9
LH:8
end_of_record
SF:lib/ui/pages/login/login_page.dart
DA:8,1
DA:10,1
DA:12,1
DA:13,1
DA:14,1
DA:15,4
DA:17,1
DA:20,2
DA:21,1
DA:22,1
DA:37,1
DA:38,1
DA:43,1
DA:44,1
DA:46,1
DA:49,1
DA:51,1
DA:52,1
DA:53,1
DA:54,1
DA:55,2
DA:56,1
DA:57,1
DA:58,1
DA:60,1
DA:61,2
DA:62,1
DA:64,2
DA:66,3
DA:68,1
DA:70,2
DA:73,1
DA:75,1
DA:76,2
DA:77,1
DA:78,1
DA:79,1
DA:81,1
DA:82,2
DA:83,1
DA:85,2
DA:87,3
DA:89,1
DA:91,2
DA:95,1
DA:96,2
DA:97,1
DA:98,1
DA:100,4
DA:101,1
DA:102,2
DA:103,1
DA:104,1
DA:106,2
DA:109,1
DA:110,0
DA:111,1
DA:112,2
LF:58
LH:57
end_of_record
