SF:lib/data/http/http_error.dart
DA:1,2
LF:1
LH:1
end_of_record
SF:lib/infra/http/http_adapter.dart
DA:9,1
DA:12,1
DA:14,1
DA:18,1
DA:19,1
DA:21,1
DA:23,4
DA:28,1
DA:31,1
DA:32,2
DA:33,4
DA:34,2
DA:36,2
DA:38,2
DA:40,2
DA:42,2
LF:16
LH:16
end_of_record
SF:lib/data/models/remote_account_model.dart
DA:7,1
DA:9,1
DA:10,1
DA:11,2
DA:14,3
LF:5
LH:5
end_of_record
SF:lib/domain/entities/account_entity.dart
DA:3,1
LF:1
LH:1
end_of_record
SF:lib/data/usecases/remote_authentication.dart
DA:13,1
DA:16,1
DA:17,2
DA:19,4
DA:20,2
DA:21,1
DA:22,1
DA:33,1
DA:35,1
DA:36,3
DA:38,4
LF:11
LH:11
end_of_record
SF:lib/domain/usecases/authentication.dart
DA:11,1
LF:1
LH:1
end_of_record
SF:lib/domain/helpers/domain_error.dart
DA:1,1
LF:1
LH:1
end_of_record
